@nl CHE COSA È QUESTO PRODOTTO ? @nl
@nl Cos ' è questo prodotto ? @nl Tipo
@nl Cosa è questo Prodotto @nl
@nl Cos ' è questo prodotto @nl
@nl Che cos ' è questo Prodotto ?
Cos ' è|È questo|Questo prodotto|Prodotto ? @nl
COS ' È QUESTO PRODOTTO ? @nl
COS ' È QUESTO PRODOTTO ? @nl
COS ` E ' QUESTO PRODOTTO @nl
Cos ' è questo prodotto ? @nl
@nl tipo @nl
@nl Tipo :
@nl Avvisi di rischio associati :
@nl State per acquistare un
@nl Attenzione : Lei sta per acquistare
. Stai per acquistare un prodotto
@nl AVVISO @nl
@nl SI PREGA DI NOTARE
@nl ATTENZIONE
Che cos ' è questo prodotto ?
COS E QUESTO PRODOTTO ?
Cosa è questo prodotto ? @nl
finanziario . @nl Quali sono i rischi
@nl Obiettivi @nl